<?xml version="1.0" encoding="UTF-8"?>
<testsuite xmlns:xsi="http://www.w3.org/2001/XMLSchema-instance" xsi:noNamespaceSchemaLocation="https://maven.apache.org/surefire/maven-surefire-plugin/xsd/surefire-test-report.xsd" version="3.0.1" name="TestSuite" time="12.698" tests="5" errors="0" skipped="0" failures="0">
  <properties>
[...]
</properties>
  <testcase name="launchApplication" classname="com.automation.registerdemoflow.RegisterDemoFlow" time="5.132">
    <system-out><![CDATA[Application is launched successdully
Both the actual and expected URLs are the same
The current URl page is https://vinothqaacademy.com/
Both the actual and expected titles are the same
The page title is Vinoth Q.A Academy - Learn With Clarity
]]></system-out>
    <system-err><![CDATA[SLF4J: Failed to load class "org.slf4j.impl.StaticLoggerBinder".
SLF4J: Defaulting to no-operation (NOP) logger implementation
SLF4J: See http://www.slf4j.org/codes.html#StaticLoggerBinder for further details.
Starting ChromeDriver 133.0.6943.98 (da53563ceb66412e2637507c8724bd0cab05e453-refs/branch-heads/6943_85@{#7}) on port 52892
Only local connections are allowed.
Please see https://chromedriver.chromium.org/security-considerations for suggestions on keeping ChromeDriver safe.
ChromeDriver was started successfully on port 52892.
Feb 19, 2025 11:41:02 AM org.openqa.selenium.remote.ProtocolHandshake createSession
INFO: Detected dialect: W3C
]]></system-err>
  </testcase>
  <testcase name="navigationToRegisterPage" classname="com.automation.registerdemoflow.RegisterDemoFlow" time="1.18">
    <system-out><![CDATA[Register Page is displayed
]]></system-out>
  </testcase>
  <testcase name="registerUser" classname="com.automation.registerdemoflow.RegisterDemoFlow" time="5.454">
    <system-out><![CDATA[Actual and Expected logo image text are same
Actual logo image is Vinoth Q.A Academy
Actual and Expected form title are same
Actual form title is Register For Demo
First name is displayed
First name entered is Vinoth
Last name is displayed
Last name entered is R
Male radio button is not selected
Male radio button is selected
Selenium webdriver Check Box is not selected
Selenium webdriver Check Box is CHECKED
Devops Check Box is selected
Devops Check Box is unchecked
Address is displayed
Address entered is Saravana Flats
Address is displayed
street address entered is Prasanna Street
Apt is displayed
Apt entered is S1
City is displayed
City entered is Chennai
State is displayed
State entered is Tamil Nadu
Country dropdown is displayed
Country selected is India
Email is displayed
Email entered is vinothrwins@gmail.com
DOD is displayed
DOD entered is 02/28/2025
Convenient time HH dropdown is displayed
Convenient time HH selected is 02
Convenient time MM dropdown is displayed
Convenient time MM selected is 05
Mobile number is displayed
Mobile numbber entered is 6383544892
Enter your query is displayed
Query entered is Is learning selenium automation using java easy?
33
Verification succcessfull
Submit button is enabled
Submit button is clicked
User is registered
]]></system-out>
  </testcase>
  <testcase name="verifySuccessfulMessage" classname="com.automation.registerdemoflow.RegisterDemoFlow" time="0.096">
    <system-out><![CDATA[Both actual and expected successful message are same
Successful message is Registration Form is Successfully Submitted. The Transaction ID : 7879418434
7879418434
Successful message is verified Successfully
]]></system-out>
  </testcase>
  <testcase name="closeApplicaton" classname="com.automation.registerdemoflow.RegisterDemoFlow" time="0.196">
    <system-out><![CDATA[Application is closed Successfully
]]></system-out>
  </testcase>
</testsuite>