<?xml version="1.0" encoding="UTF-8"?>
<testng-results ignored="0" total="5" passed="5" failed="0" skipped="0">
  <reporter-output>
  </reporter-output>
  <suite started-at="2025-02-19T11:37:18 IST" name="Suite" finished-at="2025-02-19T11:37:33 IST" duration-ms="15289">
    <groups>
    </groups>
    <test started-at="2025-02-19T11:37:18 IST" name="Test" finished-at="2025-02-19T11:37:33 IST" duration-ms="15289">
      <class name="com.automation.registerdemoflow.RegisterDemoFlow">
        <test-method signature="launchApplication()[pri:1, instance:com.automation.registerdemoflow.RegisterDemoFlow@245b4bdc]" started-at="2025-02-19T11:37:18 IST" name="launchApplication" finished-at="2025-02-19T11:37:26 IST" duration-ms="8063" status="PASS">
          <reporter-output>
          </reporter-output>
        </test-method> <!-- launchApplication -->
        <test-method signature="navigationToRegisterPage()[pri:2, instance:com.automation.registerdemoflow.RegisterDemoFlow@245b4bdc]" started-at="2025-02-19T11:37:26 IST" name="navigationToRegisterPage" finished-at="2025-02-19T11:37:29 IST" duration-ms="2469" status="PASS">
          <reporter-output>
          </reporter-output>
        </test-method> <!-- navigationToRegisterPage -->
        <test-method signature="registerUser()[pri:3, instance:com.automation.registerdemoflow.RegisterDemoFlow@245b4bdc]" started-at="2025-02-19T11:37:29 IST" name="registerUser" finished-at="2025-02-19T11:37:33 IST" duration-ms="4260" status="PASS">
          <reporter-output>
          </reporter-output>
        </test-method> <!-- registerUser -->
        <test-method signature="verifySuccessfulMessage()[pri:4, instance:com.automation.registerdemoflow.RegisterDemoFlow@245b4bdc]" started-at="2025-02-19T11:37:33 IST" name="verifySuccessfulMessage" finished-at="2025-02-19T11:37:33 IST" duration-ms="80" status="PASS">
          <reporter-output>
          </reporter-output>
        </test-method> <!-- verifySuccessfulMessage -->
        <test-method signature="closeApplicaton()[pri:5, instance:com.automation.registerdemoflow.RegisterDemoFlow@245b4bdc]" started-at="2025-02-19T11:37:33 IST" name="closeApplicaton" finished-at="2025-02-19T11:37:33 IST" duration-ms="347" status="PASS">
          <reporter-output>
          </reporter-output>
        </test-method> <!-- closeApplicaton -->
      </class> <!-- com.automation.registerdemoflow.RegisterDemoFlow -->
    </test> <!-- Test -->
  </suite> <!-- Suite -->
</testng-results>
